<?xml version="1.0" encoding="UTF-8"?>
<testsuite xmlns:xsi="http://www.w3.org/2001/XMLSchema-instance" xsi:noNamespaceSchemaLocation="https://maven.apache.org/surefire/maven-surefire-plugin/xsd/surefire-test-report.xsd" version="3.0.2" name="com.adib.fintrack.FintrackApplicationTests" time="11.535" tests="1" errors="0" skipped="0" failures="0">
  <properties>
[...]
</properties>
  <testcase name="contextLoads" classname="com.adib.fintrack.FintrackApplicationTests" time="0.708">
    <system-out><![CDATA[11:49:35.162 [main] INFO org.springframework.test.context.support.AnnotationConfigContextLoaderUtils -- Could not detect default configuration classes for test class [com.adib.fintrack.FintrackApplicationTests]: FintrackApplicationTests does not declare any static, non-private, non-final, nested classes annotated with @Configuration.
11:49:35.275 [main] INFO org.springframework.boot.test.context.SpringBootTestContextBootstrapper -- Found @SpringBootConfiguration com.adib.fintrack.FintrackApplication for test class com.adib.fintrack.FintrackApplicationTests

  .   ____          _            __ _ _
 /\\ / ___'_ __ _ _(_)_ __  __ _ \ \ \ \
( ( )\___ | '_ | '_| | '_ \/ _` | \ \ \ \
 \\/  ___)| |_)| | | | | || (_| |  ) ) ) )
  '  |____| .__|_| |_|_| |_\__, | / / / /
 =========|_|==============|___/=/_/_/_/

 :: Spring Boot ::                (v4.0.0)

2026-01-20T11:49:35.870+06:00  INFO 10928 --- [fintrack] [           main] c.a.fintrack.FintrackApplicationTests    : Starting FintrackApplicationTests using Java 21.0.6 with PID 10928 (started by Masud in D:\11MY_FOLDER\PROJECT\fintrack)
2026-01-20T11:49:35.871+06:00  INFO 10928 --- [fintrack] [           main] c.a.fintrack.FintrackApplicationTests    : The following 1 profile is active: "prod"
2026-01-20T11:49:36.814+06:00  INFO 10928 --- [fintrack] [           main] .s.d.r.c.RepositoryConfigurationDelegate : Bootstrapping Spring Data JPA repositories in DEFAULT mode.
2026-01-20T11:49:36.916+06:00  INFO 10928 --- [fintrack] [           main] .s.d.r.c.RepositoryConfigurationDelegate : Finished Spring Data repository scanning in 87 ms. Found 4 JPA repository interfaces.
2026-01-20T11:49:37.571+06:00  INFO 10928 --- [fintrack] [           main] o.hibernate.jpa.internal.util.LogHelper  : HHH000204: Processing PersistenceUnitInfo [name: default]
2026-01-20T11:49:37.663+06:00  INFO 10928 --- [fintrack] [           main] org.hibernate.Version                    : HHH000412: Hibernate ORM core version 7.1.8.Final
2026-01-20T11:49:38.293+06:00  INFO 10928 --- [fintrack] [           main] o.s.o.j.p.SpringPersistenceUnitInfo      : No LoadTimeWeaver setup: ignoring JPA class transformer
2026-01-20T11:49:38.330+06:00  INFO 10928 --- [fintrack] [           main] com.zaxxer.hikari.HikariDataSource       : HikariPool-1 - Starting...
2026-01-20T11:49:40.252+06:00  INFO 10928 --- [fintrack] [           main] com.zaxxer.hikari.pool.HikariPool        : HikariPool-1 - Added connection org.postgresql.jdbc.PgConnection@694b1ddb
2026-01-20T11:49:40.255+06:00  INFO 10928 --- [fintrack] [           main] com.zaxxer.hikari.HikariDataSource       : HikariPool-1 - Start completed.
2026-01-20T11:49:40.732+06:00  INFO 10928 --- [fintrack] [           main] org.hibernate.orm.connections.pooling    : HHH10001005: Database info:
	Database JDBC URL [jdbc:postgresql://dpg-d5m83t1r0fns73epr1b0-a.singapore-postgres.render.com/fintrack_x0v9]
	Database driver: PostgreSQL JDBC Driver
	Database dialect: PostgreSQLDialect
	Database version: 18.1
	Default catalog/schema: fintrack_x0v9/public
	Autocommit mode: undefined/unknown
	Isolation level: READ_COMMITTED [default READ_COMMITTED]
	JDBC fetch size: none
	Pool: DatasourceConnectionProviderImpl
	Minimum pool size: undefined/unknown
	Maximum pool size: undefined/unknown
2026-01-20T11:49:42.017+06:00  INFO 10928 --- [fintrack] [           main] o.h.e.t.j.p.i.JtaPlatformInitiator       : HHH000489: No JTA platform available (set 'hibernate.transaction.jta.platform' to enable JTA platform integration)
2026-01-20T11:49:43.508+06:00  INFO 10928 --- [fintrack] [           main] j.LocalContainerEntityManagerFactoryBean : Initialized JPA EntityManagerFactory for persistence unit 'default'
2026-01-20T11:49:43.667+06:00  INFO 10928 --- [fintrack] [           main] o.s.d.j.r.query.QueryEnhancerFactories   : Hibernate is in classpath; If applicable, HQL parser will be used.
2026-01-20T11:49:44.891+06:00  WARN 10928 --- [fintrack] [           main] JpaBaseConfiguration$JpaWebConfiguration : spring.jpa.open-in-view is enabled by default. Therefore, database queries may be performed during view rendering. Explicitly configure spring.jpa.open-in-view to disable this warning
2026-01-20T11:49:45.065+06:00  INFO 10928 --- [fintrack] [           main] r$InitializeUserDetailsManagerConfigurer : Global AuthenticationManager configured with UserDetailsService bean with name appUserDetailsService
2026-01-20T11:49:45.753+06:00  INFO 10928 --- [fintrack] [           main] c.a.fintrack.FintrackApplicationTests    : Started FintrackApplicationTests in 10.312 seconds (process running for 11.851)
]]></system-out>
    <system-err><![CDATA[Mockito is currently self-attaching to enable the inline-mock-maker. This will no longer work in future releases of the JDK. Please add Mockito as an agent to your build as described in Mockito's documentation: https://javadoc.io/doc/org.mockito/mockito-core/latest/org.mockito/org/mockito/Mockito.html#0.3
WARNING: A Java agent has been loaded dynamically (C:\Users\Masud\.m2\repository\net\bytebuddy\byte-buddy-agent\1.17.8\byte-buddy-agent-1.17.8.jar)
WARNING: If a serviceability tool is in use, please run with -XX:+EnableDynamicAgentLoading to hide this warning
WARNING: If a serviceability tool is not in use, please run with -Djdk.instrument.traceUsage for more information
WARNING: Dynamic loading of agents will be disallowed by default in a future release
]]></system-err>
  </testcase>
</testsuite>